[debug] [2026-06-12T05:35:58.303Z] ----------------------------------------------------------------------
[debug] [2026-06-12T05:35:58.310Z] Command:       C:\Program Files\nodejs\node.exe C:\Users\ПК\AppData\Roaming\npm\node_modules\firebase-tools\lib\bin\firebase.js init
[debug] [2026-06-12T05:35:58.311Z] CLI Version:   15.20.0
[debug] [2026-06-12T05:35:58.311Z] Platform:      win32
[debug] [2026-06-12T05:35:58.311Z] Node Version:  v24.14.1
[debug] [2026-06-12T05:35:58.312Z] Time:          Fri Jun 12 2026 12:35:58 GMT+0700 (Красноярск, стандартное время)
[debug] [2026-06-12T05:35:58.312Z] ----------------------------------------------------------------------
[debug] 
[info] 
     ######## #### ########  ######## ########     ###     ######  ########
     ##        ##  ##     ## ##       ##     ##  ##   ##  ##       ##
     ######    ##  ########  ######   ########  #########  ######  ######
     ##        ##  ##    ##  ##       ##     ## ##     ##       ## ##
     ##       #### ##     ## ######## ########  ##     ##  ######  ########

You're about to initialize a Firebase project in this directory:

  C:\Users\ПК\Desktop\SIte

[info] 
=== Project Setup
[info] 
[info] First, let's associate this project directory with a Firebase project.
[info] You can create multiple project aliases by running firebase use --add, 
[info] 
[debug] [2026-06-12T05:37:27.020Z] > command requires scopes: ["email","openid","https://www.googleapis.com/auth/cloudplatformprojects.readonly","https://www.googleapis.com/auth/firebase","https://www.googleapis.com/auth/cloud-platform"]
[debug] [2026-06-12T05:37:27.023Z] > authorizing via signed-in user (artemich.koch@gmail.com)
[debug] [2026-06-12T05:37:27.025Z] Checked if tokens are valid: true, expires at: 1781246126344
[debug] [2026-06-12T05:37:27.026Z] Checked if tokens are valid: true, expires at: 1781246126344
[debug] [2026-06-12T05:37:27.027Z] >>> [apiv2][query] GET https://firebase.googleapis.com/v1beta1/projects pageSize=100
[debug] [2026-06-12T05:37:27.894Z] <<< [apiv2][status] GET https://firebase.googleapis.com/v1beta1/projects 200
[debug] [2026-06-12T05:37:27.894Z] <<< [apiv2][body] GET https://firebase.googleapis.com/v1beta1/projects [omitted]
[info] 
=== Functions Setup
[debug] [2026-06-12T05:37:29.647Z] > command requires scopes: ["email","openid","https://www.googleapis.com/auth/cloudplatformprojects.readonly","https://www.googleapis.com/auth/firebase","https://www.googleapis.com/auth/cloud-platform"]
[debug] [2026-06-12T05:37:29.648Z] > authorizing via signed-in user (artemich.koch@gmail.com)
[debug] [2026-06-12T05:37:29.648Z] [iam] checking project connect-6d0d8 for permissions ["firebase.projects.get"]
[debug] [2026-06-12T05:37:29.648Z] Checked if tokens are valid: true, expires at: 1781246126344
[debug] [2026-06-12T05:37:29.649Z] Checked if tokens are valid: true, expires at: 1781246126344
[debug] [2026-06-12T05:37:29.649Z] >>> [apiv2][query] POST https://cloudresourcemanager.googleapis.com/v1/projects/connect-6d0d8:testIamPermissions [none]
[debug] [2026-06-12T05:37:29.650Z] >>> [apiv2][(partial)header] POST https://cloudresourcemanager.googleapis.com/v1/projects/connect-6d0d8:testIamPermissions  x-goog-user-project=connect-6d0d8
[debug] [2026-06-12T05:37:29.650Z] >>> [apiv2][body] POST https://cloudresourcemanager.googleapis.com/v1/projects/connect-6d0d8:testIamPermissions {"permissions":["firebase.projects.get"]}
[debug] [2026-06-12T05:37:30.643Z] <<< [apiv2][status] POST https://cloudresourcemanager.googleapis.com/v1/projects/connect-6d0d8:testIamPermissions 200
[debug] [2026-06-12T05:37:30.643Z] <<< [apiv2][body] POST https://cloudresourcemanager.googleapis.com/v1/projects/connect-6d0d8:testIamPermissions {"permissions":["firebase.projects.get"]}
[debug] [2026-06-12T05:37:30.644Z] Checked if tokens are valid: true, expires at: 1781246126344
[debug] [2026-06-12T05:37:30.644Z] Checked if tokens are valid: true, expires at: 1781246126344
[debug] [2026-06-12T05:37:30.645Z] Checked if tokens are valid: true, expires at: 1781246126344
[debug] [2026-06-12T05:37:30.645Z] Checked if tokens are valid: true, expires at: 1781246126344
[debug] [2026-06-12T05:37:30.645Z] >>> [apiv2][query] GET https://serviceusage.googleapis.com/v1/projects/connect-6d0d8/services/cloudfunctions.googleapis.com [none]
[debug] [2026-06-12T05:37:30.645Z] >>> [apiv2][(partial)header] GET https://serviceusage.googleapis.com/v1/projects/connect-6d0d8/services/cloudfunctions.googleapis.com  x-goog-user-project=connect-6d0d8
[debug] [2026-06-12T05:37:30.646Z] >>> [apiv2][query] GET https://serviceusage.googleapis.com/v1/projects/connect-6d0d8/services/runtimeconfig.googleapis.com [none]
[debug] [2026-06-12T05:37:30.647Z] >>> [apiv2][(partial)header] GET https://serviceusage.googleapis.com/v1/projects/connect-6d0d8/services/runtimeconfig.googleapis.com  x-goog-user-project=connect-6d0d8
[debug] [2026-06-12T05:37:31.784Z] <<< [apiv2][status] GET https://serviceusage.googleapis.com/v1/projects/connect-6d0d8/services/runtimeconfig.googleapis.com 200
[debug] [2026-06-12T05:37:31.784Z] <<< [apiv2][body] GET https://serviceusage.googleapis.com/v1/projects/connect-6d0d8/services/runtimeconfig.googleapis.com [omitted]
[debug] [2026-06-12T05:37:31.803Z] <<< [apiv2][status] GET https://serviceusage.googleapis.com/v1/projects/connect-6d0d8/services/cloudfunctions.googleapis.com 200
[debug] [2026-06-12T05:37:31.803Z] <<< [apiv2][body] GET https://serviceusage.googleapis.com/v1/projects/connect-6d0d8/services/cloudfunctions.googleapis.com [omitted]
[debug] [2026-06-12T05:37:31.804Z] Checked if tokens are valid: true, expires at: 1781246126344
[debug] [2026-06-12T05:37:31.804Z] Checked if tokens are valid: true, expires at: 1781246126344
[debug] [2026-06-12T05:37:31.805Z] >>> [apiv2][query] POST https://serviceusage.googleapis.com/v1/projects/connect-6d0d8/services/cloudfunctions.googleapis.com:enable [none]
[debug] [2026-06-12T05:37:31.805Z] >>> [apiv2][(partial)header] POST https://serviceusage.googleapis.com/v1/projects/connect-6d0d8/services/cloudfunctions.googleapis.com:enable  x-goog-user-project=connect-6d0d8
[debug] [2026-06-12T05:37:33.108Z] <<< [apiv2][status] POST https://serviceusage.googleapis.com/v1/projects/connect-6d0d8/services/cloudfunctions.googleapis.com:enable 200
[debug] [2026-06-12T05:37:33.108Z] <<< [apiv2][body] POST https://serviceusage.googleapis.com/v1/projects/connect-6d0d8/services/cloudfunctions.googleapis.com:enable [omitted]
[info] Let's create a new codebase for your functions.
[info] A directory corresponding to the codebase will be created in your project
[info] with sample code pre-configured.

[info] See https://firebase.google.com/docs/functions/organize-functions for
[info] more information on organizing your functions using codebases.

[info] Functions can be deployed with firebase deploy.

[info] +  Wrote functions/requirements.txt 
[info] +  Wrote functions/.gitignore 
[info] +  Wrote functions/main.py 
[debug] [2026-06-12T05:38:25.611Z] Running command with virtualenv: command="C:\Users\ПК\Desktop\SIte\functions\venv\Scripts\activate.bat", args=["","&&","pip3","install","--upgrade","pip"]
[debug] [2026-06-12T05:38:33.235Z] Error: spawn "C:\Users\ПК\Desktop\SIte\functions\venv\Scripts\activate.bat" ENOENT
    at notFoundError (C:\Users\ПК\AppData\Roaming\npm\node_modules\firebase-tools\node_modules\cross-spawn\lib\enoent.js:6:26)
    at verifyENOENT (C:\Users\ПК\AppData\Roaming\npm\node_modules\firebase-tools\node_modules\cross-spawn\lib\enoent.js:40:16)
    at cp.emit (C:\Users\ПК\AppData\Roaming\npm\node_modules\firebase-tools\node_modules\cross-spawn\lib\enoent.js:27:25)
    at ChildProcess._handle.onexit (node:internal/child_process:294:12)
[error] 
[error] Error: An unexpected error has occurred.
